  4.4.cpp
  Date.cpp
D:\Lab-4\4.4\4.4\Date.cpp(136,6): warning C4101: ostatok: неиспользованная локальная переменная
D:\Lab-4\4.4\4.4\Date.cpp(156,17): warning C4244: =: преобразование "double" в "int", возможна потеря данных
D:\Lab-4\4.4\4.4\Date.cpp(157,17): warning C4244: =: преобразование "double" в "int", возможна потеря данных
D:\Lab-4\4.4\4.4\Date.cpp(158,15): warning C4244: =: преобразование "double" в "int", возможна потеря данных
D:\Lab-4\4.4\4.4\Date.cpp(155,6): warning C4101: ostatok: неиспользованная локальная переменная
  Time.cpp
D:\Lab-4\4.4\4.4\Time.cpp(128,90): warning C4244: =: преобразование "double" в "int", возможна потеря данных
D:\Lab-4\4.4\4.4\Time.cpp(129,102): warning C4244: =: преобразование "double" в "int", возможна потеря данных
D:\Lab-4\4.4\4.4\Time.cpp(130,102): warning C4244: =: преобразование "double" в "int", возможна потеря данных
D:\Lab-4\4.4\4.4\Time.cpp(127,6): warning C4101: ostatok: неиспользованная локальная переменная
D:\Lab-4\4.4\4.4\Time.cpp(147,16): warning C4244: =: преобразование "double" в "int", возможна потеря данных
D:\Lab-4\4.4\4.4\Time.cpp(148,14): warning C4244: =: преобразование "double" в "int", возможна потеря данных
D:\Lab-4\4.4\4.4\Time.cpp(149,15): warning C4244: =: преобразование "double" в "int", возможна потеря данных
D:\Lab-4\4.4\4.4\Time.cpp(146,6): warning C4101: ostatok: неиспользованная локальная переменная
  Triad.cpp
  Создание кода...
D:\Lab-4\4.4\4.4\Time.cpp(91): warning C4715: Time::Сomparison: значение возвращается не при всех путях выполнения
D:\Lab-4\4.4\4.4\Date.cpp(102): warning C4715: Date::Сomparison: значение возвращается не при всех путях выполнения
  4.4.vcxproj -> D:\Lab-4\4.4\Debug\4.4.exe
